2024-11-24 03:33:46,012 - INFO - Starting dataset creation...
2024-11-24 03:33:46,176 - INFO - Dataset creation completed. Base directory: unified_military_dataset
2024-11-24 03:33:46,178 - INFO - Starting model training...
2024-11-24 03:33:47,922 - INFO - CUDA is available. Using device: NVIDIA GeForce RTX 4070 Laptop GPU
2024-11-24 03:33:47,933 - ERROR - Training failed with error: [WinError 2] The system cannot find the file specified
2024-11-24 03:33:47,934 - ERROR - Training failed! Check training_log.txt for details.
2024-11-24 03:48:41,221 - INFO - Creating unified dataset...
2024-11-24 03:48:44,138 - INFO - Downloading military-targets dataset...
2024-11-24 03:48:44,332 - INFO - Downloading valeriia dataset...
2024-11-24 03:48:44,558 - INFO - Downloading military-objects dataset...
2024-11-24 03:48:45,031 - INFO - Downloading military-vehicle-recognition dataset...
2024-11-24 03:48:46,896 - INFO - Writing data configuration to unified_military_dataset\data.yaml
2024-11-24 03:48:46,896 - INFO - 
Dataset Statistics:
2024-11-24 03:48:46,900 - INFO - train: 1694 images
2024-11-24 03:48:46,901 - INFO - valid: 144 images
2024-11-24 03:48:46,901 - INFO - test: 69 images
2024-11-24 03:48:46,901 - INFO - Starting model training...
2024-11-24 03:48:48,606 - INFO - Using GPU: NVIDIA GeForce RTX 4070 Laptop GPU
2024-11-24 03:48:55,244 - ERROR - Training failed with error: Module.train() got an unexpected keyword argument 'data'
2024-11-24 03:48:55,244 - ERROR - Training failed! Check training.log for details.
2024-11-24 03:53:20,212 - INFO - Creating unified dataset...
2024-11-24 03:53:24,377 - INFO - Downloading military-targets dataset...
2024-11-24 03:53:24,608 - INFO - Downloading valeriia dataset...
2024-11-24 03:53:24,827 - INFO - Downloading military-objects dataset...
2024-11-24 03:53:25,343 - INFO - Downloading military-vehicle-recognition dataset...
2024-11-24 03:53:28,213 - INFO - Writing data configuration to unified_military_dataset\data.yaml
2024-11-24 03:53:28,214 - INFO - 
Dataset Statistics:
2024-11-24 03:53:28,220 - INFO - train: 1694 images
2024-11-24 03:53:28,221 - INFO - valid: 144 images
2024-11-24 03:53:28,222 - INFO - test: 69 images
2024-11-24 03:53:28,222 - INFO - Starting model training...
2024-11-24 03:53:29,924 - INFO - Using GPU: NVIDIA GeForce RTX 4070 Laptop GPU
2024-11-24 03:53:31,546 - ERROR - Training failed with error: Module.train() got an unexpected keyword argument 'data'
2024-11-24 03:53:31,546 - ERROR - Training failed! Check training.log for details.
2024-11-24 03:58:25,714 - INFO - Creating unified dataset...
2024-11-24 03:58:29,774 - INFO - Downloading military-targets dataset...
2024-11-24 03:58:30,021 - INFO - Downloading valeriia dataset...
2024-11-24 03:58:30,251 - INFO - Downloading military-objects dataset...
2024-11-24 03:58:30,674 - INFO - Downloading military-vehicle-recognition dataset...
2024-11-24 03:58:33,219 - INFO - Starting model training...
2024-11-24 03:58:34,920 - INFO - Using GPU: NVIDIA GeForce RTX 4070 Laptop GPU
2024-11-24 04:12:04,765 - INFO - Training interrupted by user
2024-11-24 04:12:18,798 - INFO - Creating unified dataset...
2024-11-24 04:12:22,633 - INFO - Downloading military-targets dataset...
2024-11-24 04:12:22,865 - INFO - Downloading valeriia dataset...
2024-11-24 04:12:23,098 - INFO - Downloading military-objects dataset...
2024-11-24 04:12:23,649 - INFO - Downloading military-vehicle-recognition dataset...
2024-11-24 04:12:36,508 - INFO - Starting model training...
2024-11-24 04:12:38,191 - INFO - Using GPU: NVIDIA GeForce RTX 4070 Laptop GPU
2024-11-24 04:20:21,490 - INFO - Training completed successfully!
2024-11-24 04:20:21,496 - INFO - Best model saved to unified_military_dataset\best.pt
2024-11-24 08:55:53,882 - INFO - Creating unified dataset...
2024-11-24 08:55:57,465 - INFO - Downloading military-targets dataset...
2024-11-24 08:55:57,697 - INFO - Downloading valeriia dataset...
2024-11-24 08:55:57,931 - INFO - Downloading military-objects dataset...
2024-11-24 08:55:58,414 - INFO - Downloading military-vehicle-recognition dataset...
2024-11-24 08:56:03,983 - INFO - Starting model training...
2024-11-24 08:56:05,647 - INFO - Using GPU: NVIDIA GeForce RTX 4070 Laptop GPU
2024-11-24 09:26:07,440 - INFO - Training completed successfully!
2024-11-24 09:26:07,445 - INFO - Best model saved to unified_military_dataset\best.pt
2024-11-24 09:26:11,470 - INFO - Creating unified dataset...
2024-11-24 09:26:14,819 - INFO - Training interrupted by user
